# JRE version: Java(TM) SE Runtime Environment (17.0.8+9) (build 17.0.8+9-LTS-211)
# Java VM: Java HotSpot(TM) 64-Bit Server VM (17.0.8+9-LTS-211, mixed mode, sharing, tiered, compressed oops, compressed class ptrs, g1 gc, windows-amd64)
GC Precious Log:
 CPUs: 2 total, 2 available
 Memory: 7786M
 Large Page Support: Disabled
 NUMA Support: Disabled
 Compressed Oops: Enabled (32-bit)
 Heap Region Size: 1M
 Heap Min Capacity: 8M
 Heap Initial Capacity: 122M
 Heap Max Capacity: 1948M
 Pre-touch: Disabled
 Parallel Workers: 2
 Concurrent Workers: 1
 Concurrent Refinement Workers: 2
 Periodic GC: Disabled
Heap:
 garbage-first heap   total 51200K, used 27518K [0x0000000086400000, 0x0000000100000000)
  region size 1024K, 2 young (2048K), 1 survivors (1024K)
 Metaspace       used 63756K, committed 64256K, reserved 1114112K
  class space    used 8661K, committed 8896K, reserved 1048576K
GC Heap History (20 events):
Event: 68.346 GC heap before
{Heap before GC invocations=19 (full 0):
 garbage-first heap   total 45056K, used 36538K [0x0000000086400000, 0x0000000100000000)
  region size 1024K, 15 young (15360K), 2 survivors (2048K)
 Metaspace       used 53375K, committed 53888K, reserved 1114112K
  class space    used 7313K, committed 7552K, reserved 1048576K
}
Event: 68.372 GC heap after
{Heap after GC invocations=20 (full 0):
 garbage-first heap   total 45056K, used 24603K [0x0000000086400000, 0x0000000100000000)
  region size 1024K, 2 young (2048K), 2 survivors (2048K)
 Metaspace       used 53375K, committed 53888K, reserved 1114112K
  class space    used 7313K, committed 7552K, reserved 1048576K
}
Event: 70.038 GC heap before
{Heap before GC invocations=21 (full 0):
 garbage-first heap   total 45056K, used 35867K [0x0000000086400000, 0x0000000100000000)
  region size 1024K, 13 young (13312K), 2 survivors (2048K)
 Metaspace       used 54741K, committed 55232K, reserved 1114112K
  class space    used 7504K, committed 7744K, reserved 1048576K
}
Event: 70.055 GC heap after
{Heap after GC invocations=22 (full 0):
 garbage-first heap   total 45056K, used 25860K [0x0000000086400000, 0x0000000100000000)
  region size 1024K, 2 young (2048K), 2 survivors (2048K)
 Metaspace       used 54741K, committed 55232K, reserved 1114112K
  class space    used 7504K, committed 7744K, reserved 1048576K
}
Event: 117.098 GC heap before
{Heap before GC invocations=22 (full 0):
 garbage-first heap   total 45056K, used 35076K [0x0000000086400000, 0x0000000100000000)
  region size 1024K, 11 young (11264K), 2 survivors (2048K)
 Metaspace       used 55920K, committed 56448K, reserved 1114112K
  class space    used 7646K, committed 7936K, reserved 1048576K
}
Event: 117.116 GC heap after
{Heap after GC invocations=23 (full 0):
 garbage-first heap   total 45056K, used 26356K [0x0000000086400000, 0x0000000100000000)
  region size 1024K, 1 young (1024K), 1 survivors (1024K)
 Metaspace       used 55920K, committed 56448K, reserved 1114112K
  class space    used 7646K, committed 7936K, reserved 1048576K
}
Event: 120.642 GC heap before
{Heap before GC invocations=24 (full 0):
 garbage-first heap   total 50176K, used 34548K [0x0000000086400000, 0x0000000100000000)
  region size 1024K, 10 young (10240K), 1 survivors (1024K)
 Metaspace       used 58572K, committed 59136K, reserved 1114112K
  class space    used 8027K, committed 8320K, reserved 1048576K
}
Event: 120.660 GC heap after
{Heap after GC invocations=25 (full 0):
 garbage-first heap   total 50176K, used 26730K [0x0000000086400000, 0x0000000100000000)
  region size 1024K, 2 young (2048K), 2 survivors (2048K)
 Metaspace       used 58572K, committed 59136K, reserved 1114112K
  class space    used 8027K, committed 8320K, reserved 1048576K
}
Event: 122.469 GC heap before
{Heap before GC invocations=25 (full 0):
 garbage-first heap   total 50176K, used 40042K [0x0000000086400000, 0x0000000100000000)
  region size 1024K, 15 young (15360K), 2 survivors (2048K)
 Metaspace       used 61688K, committed 62208K, reserved 1114112K
  class space    used 8435K, committed 8704K, reserved 1048576K
}
Event: 122.487 GC heap after
{Heap after GC invocations=26 (full 0):
 garbage-first heap   total 50176K, used 28875K [0x0000000086400000, 0x0000000100000000)
  region size 1024K, 2 young (2048K), 2 survivors (2048K)
 Metaspace       used 61688K, committed 62208K, reserved 1114112K
  class space    used 8435K, committed 8704K, reserved 1048576K
}
Event: 244.650 GC heap before
{Heap before GC invocations=27 (full 0):
 garbage-first heap   total 51200K, used 37067K [0x0000000086400000, 0x0000000100000000)
  region size 1024K, 11 young (11264K), 2 survivors (2048K)
 Metaspace       used 63014K, committed 63488K, reserved 1114112K
  class space    used 8612K, committed 8832K, reserved 1048576K
}
Event: 244.965 GC heap after
{Heap after GC invocations=28 (full 1):
 garbage-first heap   total 51200K, used 24582K [0x0000000086400000, 0x0000000100000000)
  region size 1024K, 0 young (0K), 0 survivors (0K)
 Metaspace       used 63014K, committed 63488K, reserved 1114112K
  class space    used 8612K, committed 8832K, reserved 1048576K
}
Event: 247.517 GC heap before
{Heap before GC invocations=28 (full 1):
 garbage-first heap   total 51200K, used 39942K [0x0000000086400000, 0x0000000100000000)
  region size 1024K, 15 young (15360K), 0 survivors (0K)
 Metaspace       used 63175K, committed 63744K, reserved 1114112K
  class space    used 8616K, committed 8896K, reserved 1048576K
}
Event: 247.528 GC heap after
{Heap after GC invocations=29 (full 1):
 garbage-first heap   total 51200K, used 26630K [0x0000000086400000, 0x0000000100000000)
  region size 1024K, 2 young (2048K), 2 survivors (2048K)
 Metaspace       used 63175K, committed 63744K, reserved 1114112K
  class space    used 8616K, committed 8896K, reserved 1048576K
}
Event: 248.938 GC heap before
{Heap before GC invocations=30 (full 1):
 garbage-first heap   total 51200K, used 39942K [0x0000000086400000, 0x0000000100000000)
  region size 1024K, 15 young (15360K), 2 survivors (2048K)
 Metaspace       used 63402K, committed 64000K, reserved 1114112K
  class space    used 8621K, committed 8896K, reserved 1048576K
}
Event: 248.953 GC heap after
{Heap after GC invocations=31 (full 1):
 garbage-first heap   total 51200K, used 27237K [0x0000000086400000, 0x0000000100000000)
  region size 1024K, 2 young (2048K), 2 survivors (2048K)
 Metaspace       used 63402K, committed 64000K, reserved 1114112K
  class space    used 8621K, committed 8896K, reserved 1048576K
}
Event: 249.053 GC heap before
{Heap before GC invocations=31 (full 1):
 garbage-first heap   total 51200K, used 28261K [0x0000000086400000, 0x0000000100000000)
  region size 1024K, 3 young (3072K), 2 survivors (2048K)
 Metaspace       used 63402K, committed 64000K, reserved 1114112K
  class space    used 8621K, committed 8896K, reserved 1048576K
}
Event: 249.066 GC heap after
{Heap after GC invocations=32 (full 1):
 garbage-first heap   total 51200K, used 27288K [0x0000000086400000, 0x0000000100000000)
  region size 1024K, 1 young (1024K), 1 survivors (1024K)
 Metaspace       used 63402K, committed 64000K, reserved 1114112K
  class space    used 8621K, committed 8896K, reserved 1048576K
}
Event: 350.080 GC heap before
{Heap before GC invocations=32 (full 1):
 garbage-first heap   total 51200K, used 39576K [0x0000000086400000, 0x0000000100000000)
  region size 1024K, 13 young (13312K), 1 survivors (1024K)
 Metaspace       used 63755K, committed 64256K, reserved 1114112K
  class space    used 8661K, committed 8896K, reserved 1048576K
}
Event: 350.090 GC heap after
{Heap after GC invocations=33 (full 1):
 garbage-first heap   total 51200K, used 27518K [0x0000000086400000, 0x0000000100000000)
  region size 1024K, 1 young (1024K), 1 survivors (1024K)
 Metaspace       used 63755K, committed 64256K, reserved 1114112K
  class space    used 8661K, committed 8896K, reserved 1048576K
}

